{
  "RSpec": {
    "coverage": {
      "/Users/willthompson/olympian_api/app/models/event.rb": [
        1,
        1,
        1,
        1,
        1,
        1,
        2,
        12,
        6,
        2,
        null,
        null
      ],
      "/Users/willthompson/olympian_api/app/models/application_record.rb": [
        1,
        1,
        null
      ],
      "/Users/willthompson/olympian_api/app/models/medal.rb": [
        1,
        1,
        1,
        1,
        null
      ],
      "/Users/willthompson/olympian_api/app/models/olympian.rb": [
        1,
        1,
        1,
        1,
        1,
        null,
        null,
        null,
        null,
        null,
        1,
        4,
        null,
        null,
        1,
        4,
        null,
        null,
        1,
        2,
        null,
        null,
        1,
        2,
        null,
        null,
        1,
        2,
        null,
        null,
        1,
        2,
        null,
        null,
        1,
        2,
        null,
        null,
        1,
        2,
        876,
        null,
        null,
        null
      ],
      "/Users/willthompson/olympian_api/app/models/sport.rb": [
        1,
        1,
        1,
        1,
        null,
        1,
        2,
        2,
        68,
        610,
        null,
        68,
        null,
        2,
        null,
        null
      ],
      "/Users/willthompson/olympian_api/app/controllers/api/v1/events_controller.rb": [
        1,
        null,
        1,
        2,
        null,
        null,
        1,
        2,
        null,
        null
      ],
      "/Users/willthompson/olympian_api/app/controllers/application_controller.rb": [
        1,
        null
      ],
      "/Users/willthompson/olympian_api/app/controllers/api/v1/olympians_controller.rb": [
        1,
        1,
        1,
        2,
        2,
        null,
        null,
        1,
        10,
        4,
        6,
        4,
        null,
        null,
        null
      ],
      "/Users/willthompson/olympian_api/app/serializers/olympian_serializer.rb": [
        1,
        1,
        1,
        null
      ],
      "/Users/willthompson/olympian_api/app/controllers/api/v1/stats_controller.rb": [
        1,
        null,
        1,
        null,
        2,
        null,
        null,
        null,
        null,
        null,
        null,
        null,
        null,
        null,
        null
      ]
    },
    "timestamp": 1572831850
  }
}
